<?xml version="1.0"?>
<!DOCTYPE coverage SYSTEM "http://cobertura.sourceforge.net/xml/coverage-04.dtd">

<coverage line-rate="0.6757518796992481" branch-rate="0.43618739903069464" lines-covered="1438" lines-valid="2128" branches-covered="270" branches-valid="619" complexity="1.9447852760736197" version="1.9.4.1" timestamp="1316873395359">
	<sources>
		<source>--source</source>
		<source>/home/gregor/development/workspace/marshal/src/main/java</source>
	</sources>
	<packages>
		<package name="com.github.evetools.marshal" line-rate="0.8940568475452196" branch-rate="0.7735849056603774" complexity="1.544">
			<classes>
				<class name="com.github.evetools.marshal.Dump" filename="com/github/evetools/marshal/Dump.java" line-rate="0.0" branch-rate="0.0" complexity="4.5">
					<methods>
						<method name="&lt;init&gt;" signature="()V" line-rate="0.0" branch-rate="1.0">
							<lines>
								<line number="16" hits="0" branch="false"/>
								<line number="17" hits="0" branch="false"/>
							</lines>
						</method>
						<method name="main" signature="([Ljava/lang/String;)V" line-rate="0.0" branch-rate="0.0">
							<lines>
								<line number="22" hits="0" branch="true" condition-coverage="0% (0/2)">
									<conditions>
										<condition number="0" type="jump" coverage="0%"/>
									</conditions>
								</line>
								<line number="23" hits="0" branch="false"/>
								<line number="24" hits="0" branch="false"/>
								<line number="27" hits="0" branch="false"/>
								<line number="31" hits="0" branch="false"/>
								<line number="33" hits="0" branch="true" condition-coverage="0% (0/4)">
									<conditions>
										<condition number="0" type="jump" coverage="0%"/>
										<condition number="1" type="jump" coverage="0%"/>
									</conditions>
								</line>
								<line number="34" hits="0" branch="false"/>
								<line number="35" hits="0" branch="false"/>
								<line number="38" hits="0" branch="true" condition-coverage="0% (0/2)">
									<conditions>
										<condition number="0" type="jump" coverage="0%"/>
									</conditions>
								</line>
								<line number="39" hits="0" branch="false"/>
								<line number="40" hits="0" branch="false"/>
								<line number="43" hits="0" branch="false"/>
								<line number="44" hits="0" branch="false"/>
								<line number="46" hits="0" branch="false"/>
								<line number="47" hits="0" branch="false"/>
								<line number="49" hits="0" branch="false"/>
								<line number="50" hits="0" branch="false"/>
								<line number="52" hits="0" branch="false"/>
								<line number="53" hits="0" branch="false"/>
								<line number="54" hits="0" branch="false"/>
								<line number="56" hits="0" branch="false"/>
								<line number="59" hits="0" branch="false"/>
								<line number="60" hits="0" branch="false"/>
							</lines>
						</method>
					</methods>
					<lines>
						<line number="16" hits="0" branch="false"/>
						<line number="17" hits="0" branch="false"/>
						<line number="22" hits="0" branch="true" condition-coverage="0% (0/2)">
							<conditions>
								<condition number="0" type="jump" coverage="0%"/>
							</conditions>
						</line>
						<line number="23" hits="0" branch="false"/>
						<line number="24" hits="0" branch="false"/>
						<line number="27" hits="0" branch="false"/>
						<line number="31" hits="0" branch="false"/>
						<line number="33" hits="0" branch="true" condition-coverage="0% (0/4)">
							<conditions>
								<condition number="0" type="jump" coverage="0%"/>
								<condition number="1" type="jump" coverage="0%"/>
							</conditions>
						</line>
						<line number="34" hits="0" branch="false"/>
						<line number="35" hits="0" branch="false"/>
						<line number="38" hits="0" branch="true" condition-coverage="0% (0/2)">
							<conditions>
								<condition number="0" type="jump" coverage="0%"/>
							</conditions>
						</line>
						<line number="39" hits="0" branch="false"/>
						<line number="40" hits="0" branch="false"/>
						<line number="43" hits="0" branch="false"/>
						<line number="44" hits="0" branch="false"/>
						<line number="46" hits="0" branch="false"/>
						<line number="47" hits="0" branch="false"/>
						<line number="49" hits="0" branch="false"/>
						<line number="50" hits="0" branch="false"/>
						<line number="52" hits="0" branch="false"/>
						<line number="53" hits="0" branch="false"/>
						<line number="54" hits="0" branch="false"/>
						<line number="56" hits="0" branch="false"/>
						<line number="59" hits="0" branch="false"/>
						<line number="60" hits="0" branch="false"/>
					</lines>
				</class>
				<class name="com.github.evetools.marshal.Reader" filename="com/github/evetools/marshal/Reader.java" line-rate="0.9230769230769231" branch-rate="0.8367346938775511" complexity="1.4958677685950412">
					<methods>
						<method name="&lt;init&gt;" signature="(Lcom/github/evetools/marshal/Reader$Buffer;)V" line-rate="1.0" branch-rate="1.0">
							<lines>
								<line number="493" hits="8" branch="false"/>
								<line number="494" hits="8" branch="false"/>
								<line number="495" hits="8" branch="false"/>
							</lines>
						</method>
						<method name="&lt;init&gt;" signature="(Ljava/io/File;)V" line-rate="0.0" branch-rate="1.0">
							<lines>
								<line number="498" hits="0" branch="false"/>
								<line number="499" hits="0" branch="false"/>
							</lines>
						</method>
						<method name="&lt;init&gt;" signature="(Ljava/io/InputStream;)V" line-rate="1.0" branch-rate="1.0">
							<lines>
								<line number="125" hits="46" branch="false"/>
								<line number="126" hits="23" branch="false"/>
								<line number="132" hits="23" branch="false"/>
								<line number="138" hits="23" branch="false"/>
								<line number="144" hits="23" branch="false"/>
								<line number="150" hits="23" branch="false"/>
								<line number="156" hits="23" branch="false"/>
								<line number="162" hits="23" branch="false"/>
								<line number="168" hits="23" branch="false"/>
								<line number="174" hits="23" branch="false"/>
								<line number="180" hits="23" branch="false"/>
								<line number="186" hits="23" branch="false"/>
								<line number="192" hits="23" branch="false"/>
								<line number="198" hits="23" branch="false"/>
								<line number="204" hits="23" branch="false"/>
								<line number="210" hits="23" branch="false"/>
								<line number="216" hits="23" branch="false"/>
								<line number="222" hits="23" branch="false"/>
								<line number="228" hits="23" branch="false"/>
								<line number="234" hits="23" branch="false"/>
								<line number="240" hits="23" branch="false"/>
								<line number="246" hits="23" branch="false"/>
								<line number="252" hits="23" branch="false"/>
								<line number="258" hits="23" branch="false"/>
								<line number="264" hits="23" branch="false"/>
								<line number="270" hits="23" branch="false"/>
								<line number="276" hits="23" branch="false"/>
								<line number="282" hits="23" branch="false"/>
								<line number="288" hits="23" branch="false"/>
								<line number="294" hits="23" branch="false"/>
								<line number="300" hits="23" branch="false"/>
								<line number="306" hits="23" branch="false"/>
								<line number="312" hits="23" branch="false"/>
								<line number="318" hits="23" branch="false"/>
								<line number="324" hits="23" branch="false"/>
								<line number="330" hits="23" branch="false"/>
								<line number="336" hits="23" branch="false"/>
								<line number="342" hits="23" branch="false"/>
								<line number="348" hits="23" branch="false"/>
								<line number="354" hits="23" branch="false"/>
								<line number="360" hits="23" branch="false"/>
								<line number="366" hits="23" branch="false"/>
								<line number="372" hits="23" branch="false"/>
								<line number="378" hits="23" branch="false"/>
								<line number="384" hits="23" branch="false"/>
								<line number="390" hits="23" branch="false"/>
								<line number="396" hits="23" branch="false"/>
								<line number="402" hits="23" branch="false"/>
								<line number="408" hits="23" branch="false"/>
								<line number="414" hits="23" branch="false"/>
								<line number="420" hits="23" branch="false"/>
								<line number="426" hits="23" branch="false"/>
								<line number="432" hits="23" branch="false"/>
								<line number="438" hits="23" branch="false"/>
								<line number="444" hits="23" branch="false"/>
								<line number="450" hits="23" branch="false"/>
								<line number="456" hits="23" branch="false"/>
								<line number="462" hits="23" branch="false"/>
								<line number="468" hits="23" branch="false"/>
								<line number="474" hits="23" branch="false"/>
								<line number="501" hits="15" branch="false"/>
								<line number="502" hits="15" branch="false"/>
								<line number="504" hits="15" branch="false"/>
								<line number="506" hits="15" branch="false"/>
								<line number="507" hits="1948" branch="true" condition-coverage="100% (2/2)">
									<conditions>
										<condition number="0" type="jump" coverage="100%"/>
									</conditions>
								</line>
								<line number="508" hits="1918" branch="false"/>
								<line number="511" hits="15" branch="false"/>
								<line number="513" hits="15" branch="false"/>
								<line number="514" hits="15" branch="false"/>
							</lines>
						</method>
						<method name="access$0" signature="(Lcom/github/evetools/marshal/Reader;)Lcom/github/evetools/marshal/python/PyBase;" line-rate="0.0" branch-rate="1.0">
							<lines>
								<line number="638" hits="0" branch="false"/>
							</lines>
						</method>
						<method name="access$1" signature="(Lcom/github/evetools/marshal/Reader;)Lcom/github/evetools/marshal/python/PyBase;" line-rate="1.0" branch-rate="1.0">
							<lines>
								<line number="710" hits="12938" branch="false"/>
							</lines>
						</method>
						<method name="access$10" signature="(Lcom/github/evetools/marshal/Reader;)Lcom/github/evetools/marshal/python/PyBase;" line-rate="1.0" branch-rate="1.0">
							<lines>
								<line number="630" hits="436" branch="false"/>
							</lines>
						</method>
						<method name="access$11" signature="(Lcom/github/evetools/marshal/Reader;)Lcom/github/evetools/marshal/python/PyBase;" line-rate="1.0" branch-rate="1.0">
							<lines>
								<line number="634" hits="396" branch="false"/>
							</lines>
						</method>
						<method name="access$12" signature="(Lcom/github/evetools/marshal/Reader;)Lcom/github/evetools/marshal/python/PyBase;" line-rate="0.0" branch-rate="1.0">
							<lines>
								<line number="718" hits="0" branch="false"/>
							</lines>
						</method>
						<method name="access$13" signature="(Lcom/github/evetools/marshal/Reader;)Lcom/github/evetools/marshal/python/PyBase;" line-rate="0.0" branch-rate="1.0">
							<lines>
								<line number="864" hits="0" branch="false"/>
							</lines>
						</method>
						<method name="access$14" signature="(Lcom/github/evetools/marshal/Reader;)Lcom/github/evetools/marshal/python/PyBase;" line-rate="0.0" branch-rate="1.0">
							<lines>
								<line number="869" hits="0" branch="false"/>
							</lines>
						</method>
						<method name="access$15" signature="(Lcom/github/evetools/marshal/Reader;)Lcom/github/evetools/marshal/python/PyBase;" line-rate="1.0" branch-rate="1.0">
							<lines>
								<line number="860" hits="170" branch="false"/>
							</lines>
						</method>
						<method name="access$16" signature="(Lcom/github/evetools/marshal/Reader;)Lcom/github/evetools/marshal/python/PyBase;" line-rate="1.0" branch-rate="1.0">
							<lines>
								<line number="873" hits="425" branch="false"/>
							</lines>
						</method>
						<method name="access$17" signature="(Lcom/github/evetools/marshal/Reader;)Lcom/github/evetools/marshal/python/PyBase;" line-rate="1.0" branch-rate="1.0">
							<lines>
								<line number="915" hits="4" branch="false"/>
							</lines>
						</method>
						<method name="access$18" signature="(Lcom/github/evetools/marshal/Reader;)Lcom/github/evetools/marshal/python/PyBase;" line-rate="1.0" branch-rate="1.0">
							<lines>
								<line number="541" hits="118861" branch="false"/>
							</lines>
						</method>
						<method name="access$19" signature="(Lcom/github/evetools/marshal/Reader;)Lcom/github/evetools/marshal/python/PyBase;" line-rate="1.0" branch-rate="1.0">
							<lines>
								<line number="888" hits="83" branch="false"/>
							</lines>
						</method>
						<method name="access$2" signature="(Lcom/github/evetools/marshal/Reader;)Lcom/github/evetools/marshal/python/PyBase;" line-rate="1.0" branch-rate="1.0">
							<lines>
								<line number="646" hits="36" branch="false"/>
							</lines>
						</method>
						<method name="access$20" signature="(Lcom/github/evetools/marshal/Reader;)Lcom/github/evetools/marshal/python/PyBase;" line-rate="1.0" branch-rate="1.0">
							<lines>
								<line number="679" hits="6318" branch="false"/>
							</lines>
						</method>
						<method name="access$21" signature="(Lcom/github/evetools/marshal/Reader;)Lcom/github/evetools/marshal/python/PyBase;" line-rate="1.0" branch-rate="1.0">
							<lines>
								<line number="613" hits="91" branch="false"/>
							</lines>
						</method>
						<method name="access$22" signature="(Lcom/github/evetools/marshal/Reader;)Lcom/github/evetools/marshal/python/PyBase;" line-rate="1.0" branch-rate="1.0">
							<lines>
								<line number="651" hits="42" branch="false"/>
							</lines>
						</method>
						<method name="access$23" signature="(Lcom/github/evetools/marshal/Reader;)Lcom/github/evetools/marshal/python/PyBase;" line-rate="1.0" branch-rate="1.0">
							<lines>
								<line number="852" hits="70100" branch="false"/>
							</lines>
						</method>
						<method name="access$24" signature="(Lcom/github/evetools/marshal/Reader;)Lcom/github/evetools/marshal/python/PyBase;" line-rate="0.0" branch-rate="1.0">
							<lines>
								<line number="884" hits="0" branch="false"/>
							</lines>
						</method>
						<method name="access$25" signature="(Lcom/github/evetools/marshal/Reader;)Lcom/github/evetools/marshal/python/PyBase;" line-rate="0.0" branch-rate="1.0">
							<lines>
								<line number="642" hits="0" branch="false"/>
							</lines>
						</method>
						<method name="access$26" signature="(Lcom/github/evetools/marshal/Reader;)Lcom/github/evetools/marshal/python/PyBase;" line-rate="1.0" branch-rate="1.0">
							<lines>
								<line number="723" hits="37" branch="false"/>
							</lines>
						</method>
						<method name="access$27" signature="(Lcom/github/evetools/marshal/Reader;)Lcom/github/evetools/marshal/python/PyBase;" line-rate="1.0" branch-rate="1.0">
							<lines>
								<line number="727" hits="41" branch="false"/>
							</lines>
						</method>
						<method name="access$28" signature="(Lcom/github/evetools/marshal/Reader;)Lcom/github/evetools/marshal/python/PyBase;" line-rate="1.0" branch-rate="1.0">
							<lines>
								<line number="907" hits="78" branch="false"/>
							</lines>
						</method>
						<method name="access$29" signature="(Lcom/github/evetools/marshal/Reader;)Lcom/github/evetools/marshal/python/PyBase;" line-rate="1.0" branch-rate="1.0">
							<lines>
								<line number="698" hits="6" branch="false"/>
							</lines>
						</method>
						<method name="access$3" signature="(Lcom/github/evetools/marshal/Reader;)Lcom/github/evetools/marshal/python/PyBase;" line-rate="0.0" branch-rate="1.0">
							<lines>
								<line number="706" hits="0" branch="false"/>
							</lines>
						</method>
						<method name="access$30" signature="(Lcom/github/evetools/marshal/Reader;)Lcom/github/evetools/marshal/python/PyBase;" line-rate="1.0" branch-rate="1.0">
							<lines>
								<line number="702" hits="246" branch="false"/>
							</lines>
						</method>
						<method name="access$31" signature="(Lcom/github/evetools/marshal/Reader;)Lcom/github/evetools/marshal/python/PyBase;" line-rate="1.0" branch-rate="1.0">
							<lines>
								<line number="919" hits="12217" branch="false"/>
							</lines>
						</method>
						<method name="access$32" signature="(Lcom/github/evetools/marshal/Reader;)Lcom/github/evetools/marshal/python/PyBase;" line-rate="1.0" branch-rate="1.0">
							<lines>
								<line number="924" hits="12" branch="false"/>
							</lines>
						</method>
						<method name="access$33" signature="(Lcom/github/evetools/marshal/Reader;)Lcom/github/evetools/marshal/python/PyBase;" line-rate="1.0" branch-rate="1.0">
							<lines>
								<line number="759" hits="69982" branch="false"/>
							</lines>
						</method>
						<method name="access$34" signature="(Lcom/github/evetools/marshal/Reader;)Lcom/github/evetools/marshal/python/PyBase;" line-rate="1.0" branch-rate="1.0">
							<lines>
								<line number="877" hits="6" branch="false"/>
							</lines>
						</method>
						<method name="access$35" signature="(Lcom/github/evetools/marshal/Reader;)Lcom/github/evetools/marshal/python/PyBase;" line-rate="1.0" branch-rate="1.0">
							<lines>
								<line number="911" hits="398" branch="false"/>
							</lines>
						</method>
						<method name="access$36" signature="(Lcom/github/evetools/marshal/Reader;)Lcom/github/evetools/marshal/python/PyBase;" line-rate="0.0" branch-rate="1.0">
							<lines>
								<line number="714" hits="0" branch="false"/>
							</lines>
						</method>
						<method name="access$37" signature="(Lcom/github/evetools/marshal/Reader;)Lcom/github/evetools/marshal/python/PyBase;" line-rate="1.0" branch-rate="1.0">
							<lines>
								<line number="928" hits="878" branch="false"/>
							</lines>
						</method>
						<method name="access$4" signature="(Lcom/github/evetools/marshal/Reader;)Lcom/github/evetools/marshal/python/PyBase;" line-rate="1.0" branch-rate="1.0">
							<lines>
								<line number="663" hits="6718" branch="false"/>
							</lines>
						</method>
						<method name="access$5" signature="(Lcom/github/evetools/marshal/Reader;)Lcom/github/evetools/marshal/python/PyBase;" line-rate="1.0" branch-rate="1.0">
							<lines>
								<line number="856" hits="73340" branch="false"/>
							</lines>
						</method>
						<method name="access$6" signature="(Lcom/github/evetools/marshal/Reader;)Lcom/github/evetools/marshal/python/PyBase;" line-rate="1.0" branch-rate="1.0">
							<lines>
								<line number="608" hits="2978" branch="false"/>
							</lines>
						</method>
						<method name="access$7" signature="(Lcom/github/evetools/marshal/Reader;)Lcom/github/evetools/marshal/python/PyBase;" line-rate="1.0" branch-rate="1.0">
							<lines>
								<line number="675" hits="4" branch="false"/>
							</lines>
						</method>
						<method name="access$8" signature="(Lcom/github/evetools/marshal/Reader;)Lcom/github/evetools/marshal/python/PyBase;" line-rate="1.0" branch-rate="1.0">
							<lines>
								<line number="667" hits="3788" branch="false"/>
							</lines>
						</method>
						<method name="access$9" signature="(Lcom/github/evetools/marshal/Reader;)Lcom/github/evetools/marshal/python/PyBase;" line-rate="1.0" branch-rate="1.0">
							<lines>
								<line number="671" hits="3818" branch="false"/>
							</lines>
						</method>
						<method name="fromBitSet" signature="(Ljava/util/BitSet;)B" line-rate="1.0" branch-rate="1.0">
							<lines>
								<line number="113" hits="1429448" branch="false"/>
								<line number="115" hits="4671434" branch="true" condition-coverage="100% (2/2)">
									<conditions>
										<condition number="0" type="jump" coverage="100%"/>
									</conditions>
								</line>
								<line number="116" hits="3241986" branch="true" condition-coverage="100% (2/2)">
									<conditions>
										<condition number="0" type="jump" coverage="100%"/>
									</conditions>
								</line>
								<line number="117" hits="2456358" branch="false"/>
								<line number="120" hits="1429448" branch="false"/>
							</lines>
						</method>
						<method name="length" signature="()I" line-rate="1.0" branch-rate="1.0">
							<lines>
								<line number="530" hits="266954" branch="false"/>
								<line number="532" hits="266954" branch="false"/>
								<line number="534" hits="266954" branch="true" condition-coverage="100% (2/2)">
									<conditions>
										<condition number="0" type="jump" coverage="100%"/>
									</conditions>
								</line>
								<line number="535" hits="12150" branch="false"/>
								<line number="538" hits="266954" branch="false"/>
							</lines>
						</method>
						<method name="loadBuffer" signature="()Lcom/github/evetools/marshal/python/PyBase;" line-rate="0.9736842105263158" branch-rate="0.8333333333333334">
							<lines>
								<line number="542" hits="118861" branch="false"/>
								<line number="543" hits="118861" branch="false"/>
								<line number="545" hits="118861" branch="true" condition-coverage="100% (2/2)">
									<conditions>
										<condition number="0" type="jump" coverage="100%"/>
									</conditions>
								</line>
								<line number="547" hits="10" branch="false"/>
								<line number="548" hits="10" branch="false"/>
								<line number="549" hits="10" branch="false"/>
								<line number="551" hits="10" branch="false"/>
								<line number="554" hits="10" branch="false"/>
								<line number="555" hits="10" branch="false"/>
								<line number="556" hits="10" branch="false"/>
								<line number="558" hits="22" branch="true" condition-coverage="50% (1/2)">
									<conditions>
										<condition number="0" type="jump" coverage="50%"/>
									</conditions>
								</line>
								<line number="560" hits="12" branch="false"/>
								<line number="562" hits="12" branch="false"/>
								<line number="563" hits="12" branch="false"/>
								<line number="564" hits="12" branch="false"/>
								<line number="565" hits="12" branch="false"/>
								<line number="567" hits="12" branch="true" condition-coverage="50% (1/2)">
									<conditions>
										<condition number="0" type="jump" coverage="50%"/>
									</conditions>
								</line>
								<line number="568" hits="0" branch="false"/>
								<line number="571" hits="13915828" branch="true" condition-coverage="100% (2/2)">
									<conditions>
										<condition number="0" type="jump" coverage="100%"/>
									</conditions>
								</line>
								<line number="572" hits="13915826" branch="true" condition-coverage="50% (1/2)">
									<conditions>
										<condition number="0" type="jump" coverage="50%"/>
									</conditions>
								</line>
								<line number="574" hits="13915826" branch="false"/>
								<line number="575" hits="13915826" branch="false"/>
								<line number="577" hits="13915826" branch="false"/>
								<line number="579" hits="13915826" branch="true" condition-coverage="100% (2/2)">
									<conditions>
										<condition number="0" type="jump" coverage="100%"/>
									</conditions>
								</line>
								<line number="580" hits="2" branch="false"/>
								<line number="581" hits="2" branch="false"/>
								<line number="584" hits="13915824" branch="true" condition-coverage="100% (4/4)">
									<conditions>
										<condition number="0" type="jump" coverage="100%"/>
										<condition number="1" type="jump" coverage="100%"/>
									</conditions>
								</line>
								<line number="585" hits="8" branch="false"/>
								<line number="589" hits="4" branch="true" condition-coverage="100% (2/2)">
									<conditions>
										<condition number="0" type="jump" coverage="100%"/>
									</conditions>
								</line>
								<line number="590" hits="2" branch="false"/>
								<line number="591" hits="2" branch="false"/>
								<line number="593" hits="2" branch="false"/>
								<line number="595" hits="2" branch="false"/>
								<line number="596" hits="2" branch="false"/>
								<line number="598" hits="2" branch="false"/>
								<line number="599" hits="2" branch="false"/>
								<line number="601" hits="2" branch="false"/>
								<line number="605" hits="118851" branch="false"/>
							</lines>
						</method>
						<method name="loadByte" signature="()Lcom/github/evetools/marshal/python/PyBase;" line-rate="1.0" branch-rate="1.0">
							<lines>
								<line number="609" hits="2978" branch="false"/>
								<line number="610" hits="2978" branch="false"/>
							</lines>
						</method>
						<method name="loadDict" signature="()Lcom/github/evetools/marshal/python/PyBase;" line-rate="1.0" branch-rate="1.0">
							<lines>
								<line number="614" hits="91" branch="false"/>
								<line number="616" hits="91" branch="false"/>
								<line number="617" hits="91" branch="false"/>
								<line number="619" hits="91" branch="false"/>
								<line number="621" hits="766" branch="true" condition-coverage="100% (2/2)">
									<conditions>
										<condition number="0" type="jump" coverage="100%"/>
									</conditions>
								</line>
								<line number="622" hits="675" branch="false"/>
								<line number="623" hits="675" branch="false"/>
								<line number="624" hits="675" branch="false"/>
								<line number="627" hits="91" branch="false"/>
							</lines>
						</method>
						<method name="loadDouble" signature="()Lcom/github/evetools/marshal/python/PyBase;" line-rate="1.0" branch-rate="1.0">
							<lines>
								<line number="631" hits="436" branch="false"/>
							</lines>
						</method>
						<method name="loadDouble0" signature="()Lcom/github/evetools/marshal/python/PyBase;" line-rate="1.0" branch-rate="1.0">
							<lines>
								<line number="635" hits="396" branch="false"/>
							</lines>
						</method>
						<method name="loadError" signature="()Lcom/github/evetools/marshal/python/PyBase;" line-rate="0.0" branch-rate="1.0">
							<lines>
								<line number="639" hits="0" branch="false"/>
							</lines>
						</method>
						<method name="loadFalse" signature="()Lcom/github/evetools/marshal/python/PyBase;" line-rate="0.0" branch-rate="1.0">
							<lines>
								<line number="643" hits="0" branch="false"/>
							</lines>
						</method>
						<method name="loadGlobal" signature="()Lcom/github/evetools/marshal/python/PyBase;" line-rate="1.0" branch-rate="1.0">
							<lines>
								<line number="647" hits="36" branch="false"/>
								<line number="648" hits="36" branch="false"/>
							</lines>
						</method>
						<method name="loadInstance" signature="()Lcom/github/evetools/marshal/python/PyBase;" line-rate="1.0" branch-rate="1.0">
							<lines>
								<line number="652" hits="42" branch="false"/>
								<line number="653" hits="42" branch="false"/>
								<line number="655" hits="42" branch="false"/>
								<line number="656" hits="42" branch="false"/>
								<line number="657" hits="42" branch="false"/>
								<line number="658" hits="42" branch="false"/>
								<line number="659" hits="42" branch="false"/>
								<line number="660" hits="42" branch="false"/>
							</lines>
						</method>
						<method name="loadInt" signature="()Lcom/github/evetools/marshal/python/PyBase;" line-rate="1.0" branch-rate="1.0">
							<lines>
								<line number="664" hits="6734" branch="false"/>
							</lines>
						</method>
						<method name="loadInt0" signature="()Lcom/github/evetools/marshal/python/PyBase;" line-rate="1.0" branch-rate="1.0">
							<lines>
								<line number="668" hits="3788" branch="false"/>
							</lines>
						</method>
						<method name="loadInt1" signature="()Lcom/github/evetools/marshal/python/PyBase;" line-rate="1.0" branch-rate="1.0">
							<lines>
								<line number="672" hits="3818" branch="false"/>
							</lines>
						</method>
						<method name="loadIntMinus1" signature="()Lcom/github/evetools/marshal/python/PyBase;" line-rate="1.0" branch-rate="1.0">
							<lines>
								<line number="676" hits="4" branch="false"/>
							</lines>
						</method>
						<method name="loadList" signature="()Lcom/github/evetools/marshal/python/PyBase;" line-rate="1.0" branch-rate="1.0">
							<lines>
								<line number="680" hits="6318" branch="false"/>
							</lines>
						</method>
						<method name="loadList" signature="(I)Lcom/github/evetools/marshal/python/PyBase;" line-rate="0.9" branch-rate="0.75">
							<lines>
								<line number="684" hits="6570" branch="false"/>
								<line number="685" hits="6570" branch="false"/>
								<line number="686" hits="6570" branch="false"/>
								<line number="687" hits="127070" branch="true" condition-coverage="100% (2/2)">
									<conditions>
										<condition number="0" type="jump" coverage="100%"/>
									</conditions>
								</line>
								<line number="688" hits="113930" branch="false"/>
								<line number="689" hits="113930" branch="true" condition-coverage="50% (1/2)">
									<conditions>
										<condition number="0" type="jump" coverage="50%"/>
									</conditions>
								</line>
								<line number="690" hits="0" branch="false"/>
								<line number="692" hits="113930" branch="false"/>
								<line number="693" hits="113930" branch="false"/>
								<line number="695" hits="6570" branch="false"/>
							</lines>
						</method>
						<method name="loadList0" signature="()Lcom/github/evetools/marshal/python/PyBase;" line-rate="1.0" branch-rate="1.0">
							<lines>
								<line number="699" hits="6" branch="false"/>
							</lines>
						</method>
						<method name="loadList1" signature="()Lcom/github/evetools/marshal/python/PyBase;" line-rate="1.0" branch-rate="1.0">
							<lines>
								<line number="703" hits="246" branch="false"/>
							</lines>
						</method>
						<method name="loadLong" signature="()Lcom/github/evetools/marshal/python/PyBase;" line-rate="1.0" branch-rate="1.0">
							<lines>
								<line number="707" hits="38" branch="false"/>
							</lines>
						</method>
						<method name="loadMarker" signature="()Lcom/github/evetools/marshal/python/PyBase;" line-rate="0.0" branch-rate="1.0">
							<lines>
								<line number="715" hits="0" branch="false"/>
							</lines>
						</method>
						<method name="loadNone" signature="()Lcom/github/evetools/marshal/python/PyBase;" line-rate="1.0" branch-rate="1.0">
							<lines>
								<line number="711" hits="12938" branch="false"/>
							</lines>
						</method>
						<method name="loadNotImplemented" signature="()Lcom/github/evetools/marshal/python/PyBase;" line-rate="0.0" branch-rate="1.0">
							<lines>
								<line number="719" hits="0" branch="false"/>
								<line number="720" hits="0" branch="false"/>
							</lines>
						</method>
						<method name="loadObjectEx" signature="()Lcom/github/evetools/marshal/python/PyBase;" line-rate="1.0" branch-rate="1.0">
							<lines>
								<line number="728" hits="41" branch="false"/>
							</lines>
						</method>
						<method name="loadObjectEx" signature="(Z)Lcom/github/evetools/marshal/python/PyBase;" line-rate="1.0" branch-rate="1.0">
							<lines>
								<line number="733" hits="78" branch="false"/>
								<line number="735" hits="78" branch="false"/>
								<line number="737" hits="78" branch="false"/>
								<line number="739" hits="58638" branch="true" condition-coverage="100% (2/2)">
									<conditions>
										<condition number="0" type="jump" coverage="100%"/>
									</conditions>
								</line>
								<line number="740" hits="58482" branch="false"/>
								<line number="742" hits="78" branch="false"/>
								<line number="744" hits="78" branch="false"/>
								<line number="745" hits="78" branch="false"/>
								<line number="747" hits="11656" branch="true" condition-coverage="100% (2/2)">
									<conditions>
										<condition number="0" type="jump" coverage="100%"/>
									</conditions>
								</line>
								<line number="748" hits="11500" branch="false"/>
								<line number="749" hits="11500" branch="false"/>
								<line number="750" hits="11500" branch="false"/>
								<line number="752" hits="78" branch="false"/>
								<line number="754" hits="78" branch="false"/>
								<line number="756" hits="78" branch="false"/>
							</lines>
						</method>
						<method name="loadObjectReduce" signature="()Lcom/github/evetools/marshal/python/PyBase;" line-rate="1.0" branch-rate="1.0">
							<lines>
								<line number="724" hits="37" branch="false"/>
							</lines>
						</method>
						<method name="loadPacked" signature="()Lcom/github/evetools/marshal/python/PyBase;" line-rate="0.9354838709677419" branch-rate="0.7777777777777778">
							<lines>
								<line number="761" hits="69982" branch="false"/>
								<line number="762" hits="69982" branch="false"/>
								<line number="763" hits="69982" branch="false"/>
								<line number="765" hits="69982" branch="false"/>
								<line number="767" hits="69982" branch="true" condition-coverage="50% (1/2)">
									<conditions>
										<condition number="0" type="jump" coverage="50%"/>
									</conditions>
								</line>
								<line number="768" hits="0" branch="false"/>
								<line number="771" hits="69982" branch="true" condition-coverage="100% (2/2)">
									<conditions>
										<condition number="0" type="jump" coverage="100%"/>
									</conditions>
								</line>
								<line number="772" hits="31" branch="false"/>
								<line number="775" hits="69982" branch="false"/>
								<line number="776" hits="69982" branch="false"/>
								<line number="778" hits="69982" branch="false"/>
								<line number="780" hits="69982" branch="false"/>
								<line number="782" hits="69982" branch="false"/>
								<line number="784" hits="69982" branch="false"/>
								<line number="786" hits="69982" branch="false"/>
								<line number="787" hits="69982" branch="false"/>
								<line number="789" hits="1311700" branch="true" condition-coverage="100% (2/2)">
									<conditions>
										<condition number="0" type="jump" coverage="100%"/>
									</conditions>
								</line>
								<line number="791" hits="1171736" branch="true" condition-coverage="100% (2/2)">
									<conditions>
										<condition number="0" type="jump" coverage="100%"/>
									</conditions>
								</line>
								<line number="793" hits="58166" branch="true" condition-coverage="50% (1/2)">
									<conditions>
										<condition number="0" type="jump" coverage="50%"/>
									</conditions>
								</line>
								<line number="794" hits="58166" branch="false"/>
								<line number="797" hits="116332" branch="true" condition-coverage="100% (2/2)">
									<conditions>
										<condition number="0" type="jump" coverage="100%"/>
									</conditions>
								</line>
								<line number="798" hits="24048" branch="false"/>
								<line number="800" hits="58166" branch="false"/>
								<line number="802" hits="58166" branch="true" condition-coverage="50% (1/2)">
									<conditions>
										<condition number="0" type="jump" coverage="50%"/>
									</conditions>
								</line>
								<line number="803" hits="0" branch="false"/>
								<line number="806" hits="1113570" branch="true" condition-coverage="50% (1/2)">
									<conditions>
										<condition number="0" type="jump" coverage="50%"/>
									</conditions>
								</line>
								<line number="807" hits="1113570" branch="true" condition-coverage="100% (2/2)">
									<conditions>
										<condition number="0" type="jump" coverage="100%"/>
									</conditions>
								</line>
								<line number="808" hits="116204" branch="false"/>
								<line number="810" hits="1994732" branch="false"/>
								<line number="811" hits="997366" branch="false"/>
								<line number="816" hits="69982" branch="false"/>
							</lines>
						</method>
						<method name="loadPy" signature="()Lcom/github/evetools/marshal/python/PyBase;" line-rate="1.0" branch-rate="1.0">
							<lines>
								<line number="821" hits="384447" branch="false"/>
								<line number="823" hits="384447" branch="false"/>
								<line number="824" hits="384447" branch="true" condition-coverage="100% (2/2)">
									<conditions>
										<condition number="0" type="jump" coverage="100%"/>
									</conditions>
								</line>
								<line number="825" hits="384447" branch="false"/>
								<line number="826" hits="384447" branch="false"/>
								<line number="833" hits="384447" branch="false"/>
								<line number="834" hits="384447" branch="false"/>
								<line number="836" hits="384447" branch="true" condition-coverage="100% (2/2)">
									<conditions>
										<condition number="0" type="jump" coverage="100%"/>
									</conditions>
								</line>
								<line number="838" hits="83" branch="true" condition-coverage="100% (2/2)">
									<conditions>
										<condition number="0" type="jump" coverage="100%"/>
									</conditions>
								</line>
								<line number="839" hits="12" branch="false"/>
								<line number="841" hits="71" branch="false"/>
								<line number="844" hits="83" branch="false"/>
								<line number="846" hits="83" branch="false"/>
								<line number="849" hits="384447" branch="false"/>
							</lines>
						</method>
						<method name="loadReference" signature="()Lcom/github/evetools/marshal/python/PyBase;" line-rate="1.0" branch-rate="1.0">
							<lines>
								<line number="853" hits="70100" branch="false"/>
							</lines>
						</method>
						<method name="loadShort" signature="()Lcom/github/evetools/marshal/python/PyBase;" line-rate="1.0" branch-rate="1.0">
							<lines>
								<line number="857" hits="74156" branch="false"/>
							</lines>
						</method>
						<method name="loadString" signature="()Lcom/github/evetools/marshal/python/PyBase;" line-rate="1.0" branch-rate="1.0">
							<lines>
								<line number="861" hits="170" branch="false"/>
							</lines>
						</method>
						<method name="loadString0" signature="()Lcom/github/evetools/marshal/python/PyBase;" line-rate="0.0" branch-rate="1.0">
							<lines>
								<line number="865" hits="0" branch="false"/>
								<line number="866" hits="0" branch="false"/>
							</lines>
						</method>
						<method name="loadString1" signature="()Lcom/github/evetools/marshal/python/PyBase;" line-rate="0.0" branch-rate="1.0">
							<lines>
								<line number="870" hits="0" branch="false"/>
							</lines>
						</method>
						<method name="loadStringRef" signature="()Lcom/github/evetools/marshal/python/PyBase;" line-rate="1.0" branch-rate="1.0">
							<lines>
								<line number="874" hits="425" branch="false"/>
							</lines>
						</method>
						<method name="loadSubStream" signature="()Lcom/github/evetools/marshal/python/PyBase;" line-rate="1.0" branch-rate="1.0">
							<lines>
								<line number="878" hits="6" branch="false"/>
								<line number="879" hits="6" branch="false"/>
								<line number="880" hits="6" branch="false"/>
								<line number="881" hits="6" branch="false"/>
							</lines>
						</method>
						<method name="loadTrue" signature="()Lcom/github/evetools/marshal/python/PyBase;" line-rate="0.0" branch-rate="1.0">
							<lines>
								<line number="885" hits="0" branch="false"/>
							</lines>
						</method>
						<method name="loadTuple" signature="()Lcom/github/evetools/marshal/python/PyBase;" line-rate="1.0" branch-rate="1.0">
							<lines>
								<line number="889" hits="83" branch="false"/>
							</lines>
						</method>
						<method name="loadTuple" signature="(I)Lcom/github/evetools/marshal/python/PyBase;" line-rate="0.9" branch-rate="0.75">
							<lines>
								<line number="893" hits="559" branch="false"/>
								<line number="894" hits="559" branch="false"/>
								<line number="895" hits="559" branch="false"/>
								<line number="896" hits="2432" branch="true" condition-coverage="100% (2/2)">
									<conditions>
										<condition number="0" type="jump" coverage="100%"/>
									</conditions>
								</line>
								<line number="897" hits="1314" branch="false"/>
								<line number="898" hits="1314" branch="true" condition-coverage="50% (1/2)">
									<conditions>
										<condition number="0" type="jump" coverage="50%"/>
									</conditions>
								</line>
								<line number="899" hits="0" branch="false"/>
								<line number="901" hits="1314" branch="false"/>
								<line number="902" hits="1314" branch="false"/>
								<line number="904" hits="559" branch="false"/>
							</lines>
						</method>
						<method name="loadTuple1" signature="()Lcom/github/evetools/marshal/python/PyBase;" line-rate="1.0" branch-rate="1.0">
							<lines>
								<line number="908" hits="78" branch="false"/>
							</lines>
						</method>
						<method name="loadTuple2" signature="()Lcom/github/evetools/marshal/python/PyBase;" line-rate="1.0" branch-rate="1.0">
							<lines>
								<line number="912" hits="398" branch="false"/>
							</lines>
						</method>
						<method name="loadUnicode" signature="()Lcom/github/evetools/marshal/python/PyBase;" line-rate="1.0" branch-rate="1.0">
							<lines>
								<line number="916" hits="4" branch="false"/>
							</lines>
						</method>
						<method name="loadUnicode0" signature="()Lcom/github/evetools/marshal/python/PyBase;" line-rate="1.0" branch-rate="1.0">
							<lines>
								<line number="920" hits="12217" branch="false"/>
								<line number="921" hits="12217" branch="false"/>
							</lines>
						</method>
						<method name="loadUnicode1" signature="()Lcom/github/evetools/marshal/python/PyBase;" line-rate="1.0" branch-rate="1.0">
							<lines>
								<line number="925" hits="12" branch="false"/>
							</lines>
						</method>
						<method name="loadVarInt" signature="()Lcom/github/evetools/marshal/python/PyBase;" line-rate="0.8888888888888888" branch-rate="0.4">
							<lines>
								<line number="930" hits="878" branch="false"/>
								<line number="932" hits="878" branch="true" condition-coverage="40% (4/10)">
									<conditions>
										<condition number="0" type="switch" coverage="40%"/>
									</conditions>
								</line>
								<line number="934" hits="0" branch="false"/>
								<line number="936" hits="816" branch="false"/>
								<line number="938" hits="16" branch="false"/>
								<line number="940" hits="38" branch="false"/>
								<line number="942" hits="8" branch="false"/>
								<line number="944" hits="8" branch="false"/>
								<line number="946" hits="8" branch="false"/>
							</lines>
						</method>
						<method name="read" signature="()Lcom/github/evetools/marshal/python/PyBase;" line-rate="1.0" branch-rate="1.0">
							<lines>
								<line number="952" hits="23" branch="false"/>
								<line number="953" hits="23" branch="false"/>
								<line number="955" hits="23" branch="false"/>
								<line number="956" hits="23" branch="false"/>
								<line number="957" hits="23" branch="false"/>
								<line number="959" hits="23" branch="false"/>
								<line number="960" hits="23" branch="false"/>
								<line number="962" hits="23" branch="false"/>
								<line number="964" hits="23" branch="false"/>
								<line number="966" hits="23" branch="false"/>
								<line number="968" hits="23" branch="false"/>
							</lines>
						</method>
						<method name="toDBRowDescriptor" signature="(Lcom/github/evetools/marshal/python/PyBase;)Lcom/github/evetools/marshal/python/PyDBRowDescriptor;" line-rate="0.6" branch-rate="0.5">
							<lines>
								<line number="518" hits="31" branch="true" condition-coverage="50% (1/2)">
									<conditions>
										<condition number="0" type="jump" coverage="50%"/>
									</conditions>
								</line>
								<line number="519" hits="0" branch="false"/>
								<line number="520" hits="0" branch="false"/>
								<line number="523" hits="31" branch="false"/>
								<line number="525" hits="31" branch="false"/>
							</lines>
						</method>
						<method name="zerouncompress" signature="([BI)[B" line-rate="1.0" branch-rate="1.0">
							<lines>
								<line number="973" hits="69982" branch="false"/>
								<line number="974" hits="69982" branch="false"/>
								<line number="975" hits="69982" branch="false"/>
								<line number="976" hits="69982" branch="false"/>
								<line number="977" hits="69982" branch="false"/>
								<line number="979" hits="7036854" branch="true" condition-coverage="100% (2/2)">
									<conditions>
										<condition number="0" type="jump" coverage="100%"/>
									</conditions>
								</line>
								<line number="980" hits="6966872" branch="false"/>
								<line number="983" hits="854688" branch="true" condition-coverage="100% (2/2)">
									<conditions>
										<condition number="0" type="jump" coverage="100%"/>
									</conditions>
								</line>
								<line number="985" hits="714724" branch="false"/>
								<line number="987" hits="714724" branch="false"/>
								<line number="988" hits="6432516" branch="true" condition-coverage="100% (2/2)">
									<conditions>
										<condition number="0" type="jump" coverage="100%"/>
									</conditions>
								</line>
								<line number="989" hits="5717792" branch="true" condition-coverage="100% (2/2)">
									<conditions>
										<condition number="0" type="jump" coverage="100%"/>
									</conditions>
								</line>
								<line number="990" hits="3204367" branch="false"/>
								<line number="994" hits="714724" branch="true" condition-coverage="100% (2/2)">
									<conditions>
										<condition number="0" type="jump" coverage="100%"/>
									</conditions>
								</line>
								<line number="995" hits="392464" branch="false"/>
								<line number="996" hits="2211192" branch="true" condition-coverage="100% (2/2)">
									<conditions>
										<condition number="0" type="jump" coverage="100%"/>
									</conditions>
								</line>
								<line number="997" hits="1818728" branch="false"/>
								<line number="1000" hits="322260" branch="false"/>
								<line number="1001" hits="1178747" branch="true" condition-coverage="100% (2/2)">
									<conditions>
										<condition number="0" type="jump" coverage="100%"/>
									</conditions>
								</line>
								<line number="1002" hits="856487" branch="false"/>
								<line number="1006" hits="714724" branch="true" condition-coverage="100% (2/2)">
									<conditions>
										<condition number="0" type="jump" coverage="100%"/>
									</conditions>
								</line>
								<line number="1007" hits="355545" branch="false"/>
								<line number="1008" hits="1897183" branch="true" condition-coverage="100% (2/2)">
									<conditions>
										<condition number="0" type="jump" coverage="100%"/>
									</conditions>
								</line>
								<line number="1009" hits="1541638" branch="false"/>
								<line number="1012" hits="359179" branch="false"/>
								<line number="1013" hits="1296688" branch="true" condition-coverage="100% (4/4)">
									<conditions>
										<condition number="0" type="jump" coverage="100%"/>
										<condition number="1" type="jump" coverage="100%"/>
									</conditions>
								</line>
								<line number="1014" hits="937509" branch="false"/>
								<line number="1019" hits="69982" branch="false"/>
							</lines>
						</method>
					</methods>
					<lines>
						<line number="113" hits="1429448" branch="false"/>
						<line number="115" hits="4671434" branch="true" condition-coverage="100% (2/2)">
							<conditions>
								<condition number="0" type="jump" coverage="100%"/>
							</conditions>
						</line>
						<line number="116" hits="3241986" branch="true" condition-coverage="100% (2/2)">
							<conditions>
								<condition number="0" type="jump" coverage="100%"/>
							</conditions>
						</line>
						<line number="117" hits="2456358" branch="false"/>
						<line number="120" hits="1429448" branch="false"/>
						<line number="125" hits="46" branch="false"/>
						<line number="126" hits="23" branch="false"/>
						<line number="132" hits="23" branch="false"/>
						<line number="138" hits="23" branch="false"/>
						<line number="144" hits="23" branch="false"/>
						<line number="150" hits="23" branch="false"/>
						<line number="156" hits="23" branch="false"/>
						<line number="162" hits="23" branch="false"/>
						<line number="168" hits="23" branch="false"/>
						<line number="174" hits="23" branch="false"/>
						<line number="180" hits="23" branch="false"/>
						<line number="186" hits="23" branch="false"/>
						<line number="192" hits="23" branch="false"/>
						<line number="198" hits="23" branch="false"/>
						<line number="204" hits="23" branch="false"/>
						<line number="210" hits="23" branch="false"/>
						<line number="216" hits="23" branch="false"/>
						<line number="222" hits="23" branch="false"/>
						<line number="228" hits="23" branch="false"/>
						<line number="234" hits="23" branch="false"/>
						<line number="240" hits="23" branch="false"/>
						<line number="246" hits="23" branch="false"/>
						<line number="252" hits="23" branch="false"/>
						<line number="258" hits="23" branch="false"/>
						<line number="264" hits="23" branch="false"/>
						<line number="270" hits="23" branch="false"/>
						<line number="276" hits="23" branch="false"/>
						<line number="282" hits="23" branch="false"/>
						<line number="288" hits="23" branch="false"/>
						<line number="294" hits="23" branch="false"/>
						<line number="300" hits="23" branch="false"/>
						<line number="306" hits="23" branch="false"/>
						<line number="312" hits="23" branch="false"/>
						<line number="318" hits="23" branch="false"/>
						<line number="324" hits="23" branch="false"/>
						<line number="330" hits="23" branch="false"/>
						<line number="336" hits="23" branch="false"/>
						<line number="342" hits="23" branch="false"/>
						<line number="348" hits="23" branch="false"/>
						<line number="354" hits="23" branch="false"/>
						<line number="360" hits="23" branch="false"/>
						<line number="366" hits="23" branch="false"/>
						<line number="372" hits="23" branch="false"/>
						<line number="378" hits="23" branch="false"/>
						<line number="384" hits="23" branch="false"/>
						<line number="390" hits="23" branch="false"/>
						<line number="396" hits="23" branch="false"/>
						<line number="402" hits="23" branch="false"/>
						<line number="408" hits="23" branch="false"/>
						<line number="414" hits="23" branch="false"/>
						<line number="420" hits="23" branch="false"/>
						<line number="426" hits="23" branch="false"/>
						<line number="432" hits="23" branch="false"/>
						<line number="438" hits="23" branch="false"/>
						<line number="444" hits="23" branch="false"/>
						<line number="450" hits="23" branch="false"/>
						<line number="456" hits="23" branch="false"/>
						<line number="462" hits="23" branch="false"/>
						<line number="468" hits="23" branch="false"/>
						<line number="474" hits="23" branch="false"/>
						<line number="493" hits="8" branch="false"/>
						<line number="494" hits="8" branch="false"/>
						<line number="495" hits="8" branch="false"/>
						<line number="498" hits="0" branch="false"/>
						<line number="499" hits="0" branch="false"/>
						<line number="501" hits="15" branch="false"/>
						<line number="502" hits="15" branch="false"/>
						<line number="504" hits="15" branch="false"/>
						<line number="506" hits="15" branch="false"/>
						<line number="507" hits="1948" branch="true" condition-coverage="100% (2/2)">
							<conditions>
								<condition number="0" type="jump" coverage="100%"/>
							</conditions>
						</line>
						<line number="508" hits="1918" branch="false"/>
						<line number="511" hits="15" branch="false"/>
						<line number="513" hits="15" branch="false"/>
						<line number="514" hits="15" branch="false"/>
						<line number="518" hits="31" branch="true" condition-coverage="50% (1/2)">
							<conditions>
								<condition number="0" type="jump" coverage="50%"/>
							</conditions>
						</line>
						<line number="519" hits="0" branch="false"/>
						<line number="520" hits="0" branch="false"/>
						<line number="523" hits="31" branch="false"/>
						<line number="525" hits="31" branch="false"/>
						<line number="530" hits="266954" branch="false"/>
						<line number="532" hits="266954" branch="false"/>
						<line number="534" hits="266954" branch="true" condition-coverage="100% (2/2)">
							<conditions>
								<condition number="0" type="jump" coverage="100%"/>
							</conditions>
						</line>
						<line number="535" hits="12150" branch="false"/>
						<line number="538" hits="266954" branch="false"/>
						<line number="541" hits="118861" branch="false"/>
						<line number="542" hits="118861" branch="false"/>
						<line number="543" hits="118861" branch="false"/>
						<line number="545" hits="118861" branch="true" condition-coverage="100% (2/2)">
							<conditions>
								<condition number="0" type="jump" coverage="100%"/>
							</conditions>
						</line>
						<line number="547" hits="10" branch="false"/>
						<line number="548" hits="10" branch="false"/>
						<line number="549" hits="10" branch="false"/>
						<line number="551" hits="10" branch="false"/>
						<line number="554" hits="10" branch="false"/>
						<line number="555" hits="10" branch="false"/>
						<line number="556" hits="10" branch="false"/>
						<line number="558" hits="22" branch="true" condition-coverage="50% (1/2)">
							<conditions>
								<condition number="0" type="jump" coverage="50%"/>
							</conditions>
						</line>
						<line number="560" hits="12" branch="false"/>
						<line number="562" hits="12" branch="false"/>
						<line number="563" hits="12" branch="false"/>
						<line number="564" hits="12" branch="false"/>
						<line number="565" hits="12" branch="false"/>
						<line number="567" hits="12" branch="true" condition-coverage="50% (1/2)">
							<conditions>
								<condition number="0" type="jump" coverage="50%"/>
							</conditions>
						</line>
						<line number="568" hits="0" branch="false"/>
						<line number="571" hits="13915828" branch="true" condition-coverage="100% (2/2)">
							<conditions>
								<condition number="0" type="jump" coverage="100%"/>
							</conditions>
						</line>
						<line number="572" hits="13915826" branch="true" condition-coverage="50% (1/2)">
							<conditions>
								<condition number="0" type="jump" coverage="50%"/>
							</conditions>
						</line>
						<line number="574" hits="13915826" branch="false"/>
						<line number="575" hits="13915826" branch="false"/>
						<line number="577" hits="13915826" branch="false"/>
						<line number="579" hits="13915826" branch="true" condition-coverage="100% (2/2)">
							<conditions>
								<condition number="0" type="jump" coverage="100%"/>
							</conditions>
						</line>
						<line number="580" hits="2" branch="false"/>
						<line number="581" hits="2" branch="false"/>
						<line number="584" hits="13915824" branch="true" condition-coverage="100% (4/4)">
							<conditions>
								<condition number="0" type="jump" coverage="100%"/>
								<condition number="1" type="jump" coverage="100%"/>
							</conditions>
						</line>
						<line number="585" hits="8" branch="false"/>
						<line number="589" hits="4" branch="true" condition-coverage="100% (2/2)">
							<conditions>
								<condition number="0" type="jump" coverage="100%"/>
							</conditions>
						</line>
						<line number="590" hits="2" branch="false"/>
						<line number="591" hits="2" branch="false"/>
						<line number="593" hits="2" branch="false"/>
						<line number="595" hits="2" branch="false"/>
						<line number="596" hits="2" branch="false"/>
						<line number="598" hits="2" branch="false"/>
						<line number="599" hits="2" branch="false"/>
						<line number="601" hits="2" branch="false"/>
						<line number="605" hits="118851" branch="false"/>
						<line number="608" hits="2978" branch="false"/>
						<line number="609" hits="2978" branch="false"/>
						<line number="610" hits="2978" branch="false"/>
						<line number="613" hits="91" branch="false"/>
						<line number="614" hits="91" branch="false"/>
						<line number="616" hits="91" branch="false"/>
						<line number="617" hits="91" branch="false"/>
						<line number="619" hits="91" branch="false"/>
						<line number="621" hits="766" branch="true" condition-coverage="100% (2/2)">
							<conditions>
								<condition number="0" type="jump" coverage="100%"/>
							</conditions>
						</line>
						<line number="622" hits="675" branch="false"/>
						<line number="623" hits="675" branch="false"/>
						<line number="624" hits="675" branch="false"/>
						<line number="627" hits="91" branch="false"/>
						<line number="630" hits="436" branch="false"/>
						<line number="631" hits="436" branch="false"/>
						<line number="634" hits="396" branch="false"/>
						<line number="635" hits="396" branch="false"/>
						<line number="638" hits="0" branch="false"/>
						<line number="639" hits="0" branch="false"/>
						<line number="642" hits="0" branch="false"/>
						<line number="643" hits="0" branch="false"/>
						<line number="646" hits="36" branch="false"/>
						<line number="647" hits="36" branch="false"/>
						<line number="648" hits="36" branch="false"/>
						<line number="651" hits="42" branch="false"/>
						<line number="652" hits="42" branch="false"/>
						<line number="653" hits="42" branch="false"/>
						<line number="655" hits="42" branch="false"/>
						<line number="656" hits="42" branch="false"/>
						<line number="657" hits="42" branch="false"/>
						<line number="658" hits="42" branch="false"/>
						<line number="659" hits="42" branch="false"/>
						<line number="660" hits="42" branch="false"/>
						<line number="663" hits="6718" branch="false"/>
						<line number="664" hits="6734" branch="false"/>
						<line number="667" hits="3788" branch="false"/>
						<line number="668" hits="3788" branch="false"/>
						<line number="671" hits="3818" branch="false"/>
						<line number="672" hits="3818" branch="false"/>
						<line number="675" hits="4" branch="false"/>
						<line number="676" hits="4" branch="false"/>
						<line number="679" hits="6318" branch="false"/>
						<line number="680" hits="6318" branch="false"/>
						<line number="684" hits="6570" branch="false"/>
						<line number="685" hits="6570" branch="false"/>
						<line number="686" hits="6570" branch="false"/>
						<line number="687" hits="127070" branch="true" condition-coverage="100% (2/2)">
							<conditions>
								<condition number="0" type="jump" coverage="100%"/>
							</conditions>
						</line>
						<line number="688" hits="113930" branch="false"/>
						<line number="689" hits="113930" branch="true" condition-coverage="50% (1/2)">
							<conditions>
								<condition number="0" type="jump" coverage="50%"/>
							</conditions>
						</line>
						<line number="690" hits="0" branch="false"/>
						<line number="692" hits="113930" branch="false"/>
						<line number="693" hits="113930" branch="false"/>
						<line number="695" hits="6570" branch="false"/>
						<line number="698" hits="6" branch="false"/>
						<line number="699" hits="6" branch="false"/>
						<line number="702" hits="246" branch="false"/>
						<line number="703" hits="246" branch="false"/>
						<line number="706" hits="0" branch="false"/>
						<line number="707" hits="38" branch="false"/>
						<line number="710" hits="12938" branch="false"/>
						<line number="711" hits="12938" branch="false"/>
						<line number="714" hits="0" branch="false"/>
						<line number="715" hits="0" branch="false"/>
						<line number="718" hits="0" branch="false"/>
						<line number="719" hits="0" branch="false"/>
						<line number="720" hits="0" branch="false"/>
						<line number="723" hits="37" branch="false"/>
						<line number="724" hits="37" branch="false"/>
						<line number="727" hits="41" branch="false"/>
						<line number="728" hits="41" branch="false"/>
						<line number="733" hits="78" branch="false"/>
						<line number="735" hits="78" branch="false"/>
						<line number="737" hits="78" branch="false"/>
						<line number="739" hits="58638" branch="true" condition-coverage="100% (2/2)">
							<conditions>
								<condition number="0" type="jump" coverage="100%"/>
							</conditions>
						</line>
						<line number="740" hits="58482" branch="false"/>
						<line number="742" hits="78" branch="false"/>
						<line number="744" hits="78" branch="false"/>
						<line number="745" hits="78" branch="false"/>
						<line number="747" hits="11656" branch="true" condition-coverage="100% (2/2)">
							<conditions>
								<condition number="0" type="jump" coverage="100%"/>
							</conditions>
						</line>
						<line number="748" hits="11500" branch="false"/>
						<line number="749" hits="11500" branch="false"/>
						<line number="750" hits="11500" branch="false"/>
						<line number="752" hits="78" branch="false"/>
						<line number="754" hits="78" branch="false"/>
						<line number="756" hits="78" branch="false"/>
						<line number="759" hits="69982" branch="false"/>
						<line number="761" hits="69982" branch="false"/>
						<line number="762" hits="69982" branch="false"/>
						<line number="763" hits="69982" branch="false"/>
						<line number="765" hits="69982" branch="false"/>
						<line number="767" hits="69982" branch="true" condition-coverage="50% (1/2)">
							<conditions>
								<condition number="0" type="jump" coverage="50%"/>
							</conditions>
						</line>
						<line number="768" hits="0" branch="false"/>
						<line number="771" hits="69982" branch="true" condition-coverage="100% (2/2)">
							<conditions>
								<condition number="0" type="jump" coverage="100%"/>
							</conditions>
						</line>
						<line number="772" hits="31" branch="false"/>
						<line number="775" hits="69982" branch="false"/>
						<line number="776" hits="69982" branch="false"/>
						<line number="778" hits="69982" branch="false"/>
						<line number="780" hits="69982" branch="false"/>
						<line number="782" hits="69982" branch="false"/>
						<line number="784" hits="69982" branch="false"/>
						<line number="786" hits="69982" branch="false"/>
						<line number="787" hits="69982" branch="false"/>
						<line number="789" hits="1311700" branch="true" condition-coverage="100% (2/2)">
							<conditions>
								<condition number="0" type="jump" coverage="100%"/>
							</conditions>
						</line>
						<line number="791" hits="1171736" branch="true" condition-coverage="100% (2/2)">
							<conditions>
								<condition number="0" type="jump" coverage="100%"/>
							</conditions>
						</line>
						<line number="793" hits="58166" branch="true" condition-coverage="50% (1/2)">
							<conditions>
								<condition number="0" type="jump" coverage="50%"/>
							</conditions>
						</line>
						<line number="794" hits="58166" branch="false"/>
						<line number="797" hits="116332" branch="true" condition-coverage="100% (2/2)">
							<conditions>
								<condition number="0" type="jump" coverage="100%"/>
							</conditions>
						</line>
						<line number="798" hits="24048" branch="false"/>
						<line number="800" hits="58166" branch="false"/>
						<line number="802" hits="58166" branch="true" condition-coverage="50% (1/2)">
							<conditions>
								<condition number="0" type="jump" coverage="50%"/>
							</conditions>
						</line>
						<line number="803" hits="0" branch="false"/>
						<line number="806" hits="1113570" branch="true" condition-coverage="50% (1/2)">
							<conditions>
								<condition number="0" type="jump" coverage="50%"/>
							</conditions>
						</line>
						<line number="807" hits="1113570" branch="true" condition-coverage="100% (2/2)">
							<conditions>
								<condition number="0" type="jump" coverage="100%"/>
							</conditions>
						</line>
						<line number="808" hits="116204" branch="false"/>
						<line number="810" hits="1994732" branch="false"/>
						<line number="811" hits="997366" branch="false"/>
						<line number="816" hits="69982" branch="false"/>
						<line number="821" hits="384447" branch="false"/>
						<line number="823" hits="384447" branch="false"/>
						<line number="824" hits="384447" branch="true" condition-coverage="100% (2/2)">
							<conditions>
								<condition number="0" type="jump" coverage="100%"/>
							</conditions>
						</line>
						<line number="825" hits="384447" branch="false"/>
						<line number="826" hits="384447" branch="false"/>
						<line number="833" hits="384447" branch="false"/>
						<line number="834" hits="384447" branch="false"/>
						<line number="836" hits="384447" branch="true" condition-coverage="100% (2/2)">
							<conditions>
								<condition number="0" type="jump" coverage="100%"/>
							</conditions>
						</line>
						<line number="838" hits="83" branch="true" condition-coverage="100% (2/2)">
							<conditions>
								<condition number="0" type="jump" coverage="100%"/>
							</conditions>
						</line>
						<line number="839" hits="12" branch="false"/>
						<line number="841" hits="71" branch="false"/>
						<line number="844" hits="83" branch="false"/>
						<line number="846" hits="83" branch="false"/>
						<line number="849" hits="384447" branch="false"/>
						<line number="852" hits="70100" branch="false"/>
						<line number="853" hits="70100" branch="false"/>
						<line number="856" hits="73340" branch="false"/>
						<line number="857" hits="74156" branch="false"/>
						<line number="860" hits="170" branch="false"/>
						<line number="861" hits="170" branch="false"/>
						<line number="864" hits="0" branch="false"/>
						<line number="865" hits="0" branch="false"/>
						<line number="866" hits="0" branch="false"/>
						<line number="869" hits="0" branch="false"/>
						<line number="870" hits="0" branch="false"/>
						<line number="873" hits="425" branch="false"/>
						<line number="874" hits="425" branch="false"/>
						<line number="877" hits="6" branch="false"/>
						<line number="878" hits="6" branch="false"/>
						<line number="879" hits="6" branch="false"/>
						<line number="880" hits="6" branch="false"/>
						<line number="881" hits="6" branch="false"/>
						<line number="884" hits="0" branch="false"/>
						<line number="885" hits="0" branch="false"/>
						<line number="888" hits="83" branch="false"/>
						<line number="889" hits="83" branch="false"/>
						<line number="893" hits="559" branch="false"/>
						<line number="894" hits="559" branch="false"/>
						<line number="895" hits="559" branch="false"/>
						<line number="896" hits="2432" branch="true" condition-coverage="100% (2/2)">
							<conditions>
								<condition number="0" type="jump" coverage="100%"/>
							</conditions>
						</line>
						<line number="897" hits="1314" branch="false"/>
						<line number="898" hits="1314" branch="true" condition-coverage="50% (1/2)">
							<conditions>
								<condition number="0" type="jump" coverage="50%"/>
							</conditions>
						</line>
						<line number="899" hits="0" branch="false"/>
						<line number="901" hits="1314" branch="false"/>
						<line number="902" hits="1314" branch="false"/>
						<line number="904" hits="559" branch="false"/>
						<line number="907" hits="78" branch="false"/>
						<line number="908" hits="78" branch="false"/>
						<line number="911" hits="398" branch="false"/>
						<line number="912" hits="398" branch="false"/>
						<line number="915" hits="4" branch="false"/>
						<line number="916" hits="4" branch="false"/>
						<line number="919" hits="12217" branch="false"/>
						<line number="920" hits="12217" branch="false"/>
						<line number="921" hits="12217" branch="false"/>
						<line number="924" hits="12" branch="false"/>
						<line number="925" hits="12" branch="false"/>
						<line number="928" hits="878" branch="false"/>
						<line number="930" hits="878" branch="false"/>
						<line number="932" hits="878" branch="true" condition-coverage="40% (4/10)">
							<conditions>
								<condition number="0" type="switch" coverage="40%"/>
							</conditions>
						</line>
						<line number="934" hits="0" branch="false"/>
						<line number="936" hits="816" branch="false"/>
						<line number="938" hits="16" branch="false"/>
						<line number="940" hits="38" branch="false"/>
						<line number="942" hits="8" branch="false"/>
						<line number="944" hits="8" branch="false"/>
						<line number="946" hits="8" branch="false"/>
						<line number="952" hits="23" branch="false"/>
						<line number="953" hits="23" branch="false"/>
						<line number="955" hits="23" branch="false"/>
						<line number="956" hits="23" branch="false"/>
						<line number="957" hits="23" branch="false"/>
						<line number="959" hits="23" branch="false"/>
						<line number="960" hits="23" branch="false"/>
						<line number="962" hits="23" branch="false"/>
						<line number="964" hits="23" branch="false"/>
						<line number="966" hits="23" branch="false"/>
						<line number="968" hits="23" branch="false"/>
						<line number="973" hits="69982" branch="false"/>
						<line number="974" hits="69982" branch="false"/>
						<line number="975" hits="69982" branch="false"/>
						<line number="976" hits="69982" branch="false"/>
						<line number="977" hits="69982" branch="false"/>
						<line number="979" hits="7036854" branch="true" condition-coverage="100% (2/2)">
							<conditions>
								<condition number="0" type="jump" coverage="100%"/>
							</conditions>
						</line>
						<line number="980" hits="6966872" branch="false"/>
						<line number="983" hits="854688" branch="true" condition-coverage="100% (2/2)">
							<conditions>
								<condition number="0" type="jump" coverage="100%"/>
							</conditions>
						</line>
						<line number="985" hits="714724" branch="false"/>
						<line number="987" hits="714724" branch="false"/>
						<line number="988" hits="6432516" branch="true" condition-coverage="100% (2/2)">
							<conditions>
								<condition number="0" type="jump" coverage="100%"/>
							</conditions>
						</line>
						<line number="989" hits="5717792" branch="true" condition-coverage="100% (2/2)">
							<conditions>
								<condition number="0" type="jump" coverage="100%"/>
							</conditions>
						</line>
						<line number="990" hits="3204367" branch="false"/>
						<line number="994" hits="714724" branch="true" condition-coverage="100% (2/2)">
							<conditions>
								<condition number="0" type="jump" coverage="100%"/>
							</conditions>
						</line>
						<line number="995" hits="392464" branch="false"/>
						<line number="996" hits="2211192" branch="true" condition-coverage="100% (2/2)">
							<conditions>
								<condition number="0" type="jump" coverage="100%"/>
							</conditions>
						</line>
						<line number="997" hits="1818728" branch="false"/>
						<line number="1000" hits="322260" branch="false"/>
						<line number="1001" hits="1178747" branch="true" condition-coverage="100% (2/2)">
							<conditions>
								<condition number="0" type="jump" coverage="100%"/>
							</conditions>
						</line>
						<line number="1002" hits="856487" branch="false"/>
						<line number="1006" hits="714724" branch="true" condition-coverage="100% (2/2)">
							<conditions>
								<condition number="0" type="jump" coverage="100%"/>
							</conditions>
						</line>
						<line number="1007" hits="355545" branch="false"/>
						<line number="1008" hits="1897183" branch="true" condition-coverage="100% (2/2)">
							<conditions>
								<condition number="0" type="jump" coverage="100%"/>
							</conditions>
						</line>
						<line number="1009" hits="1541638" branch="false"/>
						<line number="1012" hits="359179" branch="false"/>
						<line number="1013" hits="1296688" branch="true" condition-coverage="100% (4/4)">
							<conditions>
								<condition number="0" type="jump" coverage="100%"/>
								<condition number="1" type="jump" coverage="100%"/>
							</conditions>
						</line>
						<line number="1014" hits="937509" branch="false"/>
						<line number="1019" hits="69982" branch="false"/>
					</lines>
				</class>
				<class name="com.github.evetools.marshal.Reader$1" filename="com/github/evetools/marshal/Reader.java" line-rate="0.6666666666666666" branch-rate="1.0" complexity="1.4958677685950412">
					<methods>
						<method name="&lt;init&gt;" signature="(Lcom/github/evetools/marshal/Reader;)V" line-rate="1.0" branch-rate="1.0">
							<lines>
								<line number="1" hits="23" branch="false"/>
								<line number="126" hits="23" branch="false"/>
							</lines>
						</method>
						<method name="read" signature="()Lcom/github/evetools/marshal/python/PyBase;" line-rate="0.0" branch-rate="1.0">
							<lines>
								<line number="129" hits="0" branch="false"/>
							</lines>
						</method>
					</methods>
					<lines>
						<line number="1" hits="23" branch="false"/>
						<line number="126" hits="23" branch="false"/>
						<line number="129" hits="0" branch="false"/>
					</lines>
				</class>
				<class name="com.github.evetools.marshal.Reader$10" filename="com/github/evetools/marshal/Reader.java" line-rate="1.0" branch-rate="1.0" complexity="1.4958677685950412">
					<methods>
						<method name="&lt;init&gt;" signature="(Lcom/github/evetools/marshal/Reader;)V" line-rate="1.0" branch-rate="1.0">
							<lines>
								<line number="1" hits="23" branch="false"/>
								<line number="180" hits="23" branch="false"/>
							</lines>
						</method>
						<method name="read" signature="()Lcom/github/evetools/marshal/python/PyBase;" line-rate="1.0" branch-rate="1.0">
							<lines>
								<line number="183" hits="3818" branch="false"/>
							</lines>
						</method>
					</methods>
					<lines>
						<line number="1" hits="23" branch="false"/>
						<line number="180" hits="23" branch="false"/>
						<line number="183" hits="3818" branch="false"/>
					</lines>
				</class>
				<class name="com.github.evetools.marshal.Reader$11" filename="com/github/evetools/marshal/Reader.java" line-rate="1.0" branch-rate="1.0" complexity="1.4958677685950412">
					<methods>
						<method name="&lt;init&gt;" signature="(Lcom/github/evetools/marshal/Reader;)V" line-rate="1.0" branch-rate="1.0">
							<lines>
								<line number="1" hits="23" branch="false"/>
								<line number="186" hits="23" branch="false"/>
							</lines>
						</method>
						<method name="read" signature="()Lcom/github/evetools/marshal/python/PyBase;" line-rate="1.0" branch-rate="1.0">
							<lines>
								<line number="189" hits="436" branch="false"/>
							</lines>
						</method>
					</methods>
					<lines>
						<line number="1" hits="23" branch="false"/>
						<line number="186" hits="23" branch="false"/>
						<line number="189" hits="436" branch="false"/>
					</lines>
				</class>
				<class name="com.github.evetools.marshal.Reader$12" filename="com/github/evetools/marshal/Reader.java" line-rate="1.0" branch-rate="1.0" complexity="1.4958677685950412">
					<methods>
						<method name="&lt;init&gt;" signature="(Lcom/github/evetools/marshal/Reader;)V" line-rate="1.0" branch-rate="1.0">
							<lines>
								<line number="1" hits="23" branch="false"/>
								<line number="192" hits="23" branch="false"/>
							</lines>
						</method>
						<method name="read" signature="()Lcom/github/evetools/marshal/python/PyBase;" line-rate="1.0" branch-rate="1.0">
							<lines>
								<line number="195" hits="396" branch="false"/>
							</lines>
						</method>
					</methods>
					<lines>
						<line number="1" hits="23" branch="false"/>
						<line number="192" hits="23" branch="false"/>
						<line number="195" hits="396" branch="false"/>
					</lines>
				</class>
				<class name="com.github.evetools.marshal.Reader$13" filename="com/github/evetools/marshal/Reader.java" line-rate="0.6666666666666666" branch-rate="1.0" complexity="1.4958677685950412">
					<methods>
						<method name="&lt;init&gt;" signature="(Lcom/github/evetools/marshal/Reader;)V" line-rate="1.0" branch-rate="1.0">
							<lines>
								<line number="1" hits="23" branch="false"/>
								<line number="198" hits="23" branch="false"/>
							</lines>
						</method>
						<method name="read" signature="()Lcom/github/evetools/marshal/python/PyBase;" line-rate="0.0" branch-rate="1.0">
							<lines>
								<line number="201" hits="0" branch="false"/>
							</lines>
						</method>
					</methods>
					<lines>
						<line number="1" hits="23" branch="false"/>
						<line number="198" hits="23" branch="false"/>
						<line number="201" hits="0" branch="false"/>
					</lines>
				</class>
				<class name="com.github.evetools.marshal.Reader$14" filename="com/github/evetools/marshal/Reader.java" line-rate="0.6666666666666666" branch-rate="1.0" complexity="1.4958677685950412">
					<methods>
						<method name="&lt;init&gt;" signature="(Lcom/github/evetools/marshal/Reader;)V" line-rate="1.0" branch-rate="1.0">
							<lines>
								<line number="1" hits="23" branch="false"/>
								<line number="204" hits="23" branch="false"/>
							</lines>
						</method>
						<method name="read" signature="()Lcom/github/evetools/marshal/python/PyBase;" line-rate="0.0" branch-rate="1.0">
							<lines>
								<line number="207" hits="0" branch="false"/>
							</lines>
						</method>
					</methods>
					<lines>
						<line number="1" hits="23" branch="false"/>
						<line number="204" hits="23" branch="false"/>
						<line number="207" hits="0" branch="false"/>
					</lines>
				</class>
				<class name="com.github.evetools.marshal.Reader$15" filename="com/github/evetools/marshal/Reader.java" line-rate="0.6666666666666666" branch-rate="1.0" complexity="1.4958677685950412">
					<methods>
						<method name="&lt;init&gt;" signature="(Lcom/github/evetools/marshal/Reader;)V" line-rate="1.0" branch-rate="1.0">
							<lines>
								<line number="1" hits="23" branch="false"/>
								<line number="210" hits="23" branch="false"/>
							</lines>
						</method>
						<method name="read" signature="()Lcom/github/evetools/marshal/python/PyBase;" line-rate="0.0" branch-rate="1.0">
							<lines>
								<line number="213" hits="0" branch="false"/>
							</lines>
						</method>
					</methods>
					<lines>
						<line number="1" hits="23" branch="false"/>
						<line number="210" hits="23" branch="false"/>
						<line number="213" hits="0" branch="false"/>
					</lines>
				</class>
				<class name="com.github.evetools.marshal.Reader$16" filename="com/github/evetools/marshal/Reader.java" line-rate="0.6666666666666666" branch-rate="1.0" complexity="1.4958677685950412">
					<methods>
						<method name="&lt;init&gt;" signature="(Lcom/github/evetools/marshal/Reader;)V" line-rate="1.0" branch-rate="1.0">
							<lines>
								<line number="1" hits="23" branch="false"/>
								<line number="216" hits="23" branch="false"/>
							</lines>
						</method>
						<method name="read" signature="()Lcom/github/evetools/marshal/python/PyBase;" line-rate="0.0" branch-rate="1.0">
							<lines>
								<line number="219" hits="0" branch="false"/>
							</lines>
						</method>
					</methods>
					<lines>
						<line number="1" hits="23" branch="false"/>
						<line number="216" hits="23" branch="false"/>
						<line number="219" hits="0" branch="false"/>
					</lines>
				</class>
				<class name="com.github.evetools.marshal.Reader$17" filename="com/github/evetools/marshal/Reader.java" line-rate="1.0" branch-rate="1.0" complexity="1.4958677685950412">
					<methods>
[...]
								<line number="158" hits="2" branch="true" condition-coverage="50% (1/2)">
									<conditions>
										<condition number="0" type="jump" coverage="50%"/>
									</conditions>
								</line>
								<line number="159" hits="0" branch="false"/>
								<line number="162" hits="2" branch="true" condition-coverage="50% (1/2)">
									<conditions>
										<condition number="0" type="jump" coverage="50%"/>
									</conditions>
								</line>
								<line number="163" hits="0" branch="false"/>
								<line number="166" hits="2" branch="true" condition-coverage="50% (1/2)">
									<conditions>
										<condition number="0" type="jump" coverage="50%"/>
									</conditions>
								</line>
								<line number="167" hits="2" branch="false"/>
								<line number="169" hits="0" branch="false"/>
								<line number="172" hits="2" branch="true" condition-coverage="50% (1/2)">
									<conditions>
										<condition number="0" type="jump" coverage="50%"/>
									</conditions>
								</line>
								<line number="173" hits="0" branch="false"/>
								<line number="176" hits="2" branch="true" condition-coverage="50% (1/2)">
									<conditions>
										<condition number="0" type="jump" coverage="50%"/>
									</conditions>
								</line>
								<line number="177" hits="0" branch="false"/>
								<line number="180" hits="4" branch="true" condition-coverage="20% (1/5)">
									<conditions>
										<condition number="0" type="switch" coverage="20%"/>
									</conditions>
								</line>
								<line number="183" hits="0" branch="false"/>
								<line number="184" hits="0" branch="false"/>
								<line number="186" hits="0" branch="false"/>
								<line number="187" hits="0" branch="false"/>
								<line number="189" hits="2" branch="false"/>
								<line number="190" hits="2" branch="false"/>
								<line number="192" hits="0" branch="false"/>
								<line number="193" hits="0" branch="false"/>
								<line number="195" hits="0" branch="false"/>
								<line number="198" hits="4" branch="true" condition-coverage="20% (1/5)">
									<conditions>
										<condition number="0" type="switch" coverage="20%"/>
									</conditions>
								</line>
								<line number="201" hits="0" branch="false"/>
								<line number="202" hits="0" branch="false"/>
								<line number="204" hits="2" branch="false"/>
								<line number="205" hits="2" branch="false"/>
								<line number="207" hits="0" branch="false"/>
								<line number="208" hits="0" branch="false"/>
								<line number="210" hits="0" branch="false"/>
								<line number="211" hits="0" branch="false"/>
								<line number="213" hits="0" branch="false"/>
								<line number="216" hits="2" branch="false"/>
								<line number="218" hits="2" branch="true" condition-coverage="50% (1/2)">
									<conditions>
										<condition number="0" type="jump" coverage="50%"/>
									</conditions>
								</line>
								<line number="219" hits="0" branch="false"/>
								<line number="222" hits="2" branch="false"/>
								<line number="224" hits="2" branch="true" condition-coverage="50% (1/2)">
									<conditions>
										<condition number="0" type="jump" coverage="50%"/>
									</conditions>
								</line>
								<line number="225" hits="0" branch="false"/>
								<line number="228" hits="2" branch="false"/>
								<line number="230" hits="2" branch="true" condition-coverage="50% (1/2)">
									<conditions>
										<condition number="0" type="jump" coverage="50%"/>
									</conditions>
								</line>
								<line number="231" hits="0" branch="false"/>
								<line number="234" hits="2" branch="true" condition-coverage="50% (1/2)">
									<conditions>
										<condition number="0" type="jump" coverage="50%"/>
									</conditions>
								</line>
								<line number="235" hits="0" branch="false"/>
								<line number="238" hits="2" branch="false"/>
								<line number="240" hits="2" branch="false"/>
								<line number="242" hits="2" branch="true" condition-coverage="50% (1/2)">
									<conditions>
										<condition number="0" type="jump" coverage="50%"/>
									</conditions>
								</line>
								<line number="243" hits="0" branch="false"/>
								<line number="246" hits="2" branch="false"/>
								<line number="248" hits="2" branch="true" condition-coverage="50% (1/2)">
									<conditions>
										<condition number="0" type="jump" coverage="50%"/>
									</conditions>
								</line>
								<line number="249" hits="0" branch="false"/>
								<line number="252" hits="2" branch="false"/>
								<line number="254" hits="2" branch="false"/>
								<line number="255" hits="2" branch="false"/>
							</lines>
						</method>
						<method name="read" signature="(Lcom/github/evetools/marshal/python/PyDBRow;)V" line-rate="0.8571428571428571" branch-rate="0.5">
							<lines>
								<line number="278" hits="142" branch="true" condition-coverage="50% (1/2)">
									<conditions>
										<condition number="0" type="jump" coverage="50%"/>
									</conditions>
								</line>
								<line number="279" hits="0" branch="false"/>
								<line number="282" hits="142" branch="false"/>
								<line number="284" hits="142" branch="true" condition-coverage="50% (1/2)">
									<conditions>
										<condition number="0" type="jump" coverage="50%"/>
									</conditions>
								</line>
								<line number="285" hits="0" branch="false"/>
								<line number="288" hits="142" branch="false"/>
								<line number="289" hits="142" branch="false"/>
								<line number="290" hits="142" branch="false"/>
								<line number="291" hits="142" branch="false"/>
								<line number="292" hits="142" branch="false"/>
								<line number="293" hits="142" branch="false"/>
								<line number="294" hits="142" branch="false"/>
								<line number="296" hits="142" branch="false"/>
								<line number="297" hits="142" branch="false"/>
							</lines>
						</method>
						<method name="read" signature="(Lcom/github/evetools/marshal/python/PyObjectEx;)V" line-rate="0.7777777777777778" branch-rate="0.6666666666666666">
							<lines>
								<line number="259" hits="2" branch="true" condition-coverage="50% (1/2)">
									<conditions>
										<condition number="0" type="jump" coverage="50%"/>
									</conditions>
								</line>
								<line number="260" hits="0" branch="false"/>
								<line number="263" hits="2" branch="false"/>
								<line number="265" hits="146" branch="true" condition-coverage="100% (2/2)">
									<conditions>
										<condition number="0" type="jump" coverage="100%"/>
									</conditions>
								</line>
								<line number="266" hits="142" branch="false"/>
								<line number="268" hits="142" branch="true" condition-coverage="50% (1/2)">
									<conditions>
										<condition number="0" type="jump" coverage="50%"/>
									</conditions>
								</line>
								<line number="269" hits="0" branch="false"/>
								<line number="272" hits="142" branch="false"/>
								<line number="274" hits="2" branch="false"/>
							</lines>
						</method>
					</methods>
					<lines>
						<line number="26" hits="4" branch="true" condition-coverage="100% (2/2)">
							<conditions>
								<condition number="0" type="jump" coverage="100%"/>
							</conditions>
						</line>
						<line number="104" hits="0" branch="false"/>
						<line number="108" hits="0" branch="false"/>
						<line number="112" hits="0" branch="false"/>
						<line number="116" hits="0" branch="false"/>
						<line number="120" hits="0" branch="false"/>
						<line number="123" hits="2" branch="false"/>
						<line number="124" hits="2" branch="false"/>
						<line number="125" hits="2" branch="false"/>
						<line number="126" hits="0" branch="false"/>
						<line number="127" hits="0" branch="false"/>
						<line number="128" hits="0" branch="false"/>
						<line number="132" hits="2" branch="false"/>
						<line number="134" hits="2" branch="false"/>
						<line number="135" hits="2" branch="false"/>
						<line number="136" hits="2" branch="false"/>
						<line number="137" hits="2" branch="false"/>
						<line number="138" hits="2" branch="false"/>
						<line number="139" hits="2" branch="false"/>
						<line number="140" hits="2" branch="false"/>
						<line number="142" hits="2" branch="true" condition-coverage="50% (1/2)">
							<conditions>
								<condition number="0" type="jump" coverage="50%"/>
							</conditions>
						</line>
						<line number="143" hits="0" branch="false"/>
						<line number="146" hits="2" branch="false"/>
						<line number="148" hits="2" branch="true" condition-coverage="50% (1/2)">
							<conditions>
								<condition number="0" type="jump" coverage="50%"/>
							</conditions>
						</line>
						<line number="149" hits="0" branch="false"/>
						<line number="152" hits="2" branch="true" condition-coverage="50% (1/2)">
							<conditions>
								<condition number="0" type="jump" coverage="50%"/>
							</conditions>
						</line>
						<line number="153" hits="2" branch="false"/>
						<line number="155" hits="0" branch="false"/>
						<line number="158" hits="2" branch="true" condition-coverage="50% (1/2)">
							<conditions>
								<condition number="0" type="jump" coverage="50%"/>
							</conditions>
						</line>
						<line number="159" hits="0" branch="false"/>
						<line number="162" hits="2" branch="true" condition-coverage="50% (1/2)">
							<conditions>
								<condition number="0" type="jump" coverage="50%"/>
							</conditions>
						</line>
						<line number="163" hits="0" branch="false"/>
						<line number="166" hits="2" branch="true" condition-coverage="50% (1/2)">
							<conditions>
								<condition number="0" type="jump" coverage="50%"/>
							</conditions>
						</line>
						<line number="167" hits="2" branch="false"/>
						<line number="169" hits="0" branch="false"/>
						<line number="172" hits="2" branch="true" condition-coverage="50% (1/2)">
							<conditions>
								<condition number="0" type="jump" coverage="50%"/>
							</conditions>
						</line>
						<line number="173" hits="0" branch="false"/>
						<line number="176" hits="2" branch="true" condition-coverage="50% (1/2)">
							<conditions>
								<condition number="0" type="jump" coverage="50%"/>
							</conditions>
						</line>
						<line number="177" hits="0" branch="false"/>
						<line number="180" hits="4" branch="true" condition-coverage="20% (1/5)">
							<conditions>
								<condition number="0" type="switch" coverage="20%"/>
							</conditions>
						</line>
						<line number="183" hits="0" branch="false"/>
						<line number="184" hits="0" branch="false"/>
						<line number="186" hits="0" branch="false"/>
						<line number="187" hits="0" branch="false"/>
						<line number="189" hits="2" branch="false"/>
						<line number="190" hits="2" branch="false"/>
						<line number="192" hits="0" branch="false"/>
						<line number="193" hits="0" branch="false"/>
						<line number="195" hits="0" branch="false"/>
						<line number="198" hits="4" branch="true" condition-coverage="20% (1/5)">
							<conditions>
								<condition number="0" type="switch" coverage="20%"/>
							</conditions>
						</line>
						<line number="201" hits="0" branch="false"/>
						<line number="202" hits="0" branch="false"/>
						<line number="204" hits="2" branch="false"/>
						<line number="205" hits="2" branch="false"/>
						<line number="207" hits="0" branch="false"/>
						<line number="208" hits="0" branch="false"/>
						<line number="210" hits="0" branch="false"/>
						<line number="211" hits="0" branch="false"/>
						<line number="213" hits="0" branch="false"/>
						<line number="216" hits="2" branch="false"/>
						<line number="218" hits="2" branch="true" condition-coverage="50% (1/2)">
							<conditions>
								<condition number="0" type="jump" coverage="50%"/>
							</conditions>
						</line>
						<line number="219" hits="0" branch="false"/>
						<line number="222" hits="2" branch="false"/>
						<line number="224" hits="2" branch="true" condition-coverage="50% (1/2)">
							<conditions>
								<condition number="0" type="jump" coverage="50%"/>
							</conditions>
						</line>
						<line number="225" hits="0" branch="false"/>
						<line number="228" hits="2" branch="false"/>
						<line number="230" hits="2" branch="true" condition-coverage="50% (1/2)">
							<conditions>
								<condition number="0" type="jump" coverage="50%"/>
							</conditions>
						</line>
						<line number="231" hits="0" branch="false"/>
						<line number="234" hits="2" branch="true" condition-coverage="50% (1/2)">
							<conditions>
								<condition number="0" type="jump" coverage="50%"/>
							</conditions>
						</line>
						<line number="235" hits="0" branch="false"/>
						<line number="238" hits="2" branch="false"/>
						<line number="240" hits="2" branch="false"/>
						<line number="242" hits="2" branch="true" condition-coverage="50% (1/2)">
							<conditions>
								<condition number="0" type="jump" coverage="50%"/>
							</conditions>
						</line>
						<line number="243" hits="0" branch="false"/>
						<line number="246" hits="2" branch="false"/>
						<line number="248" hits="2" branch="true" condition-coverage="50% (1/2)">
							<conditions>
								<condition number="0" type="jump" coverage="50%"/>
							</conditions>
						</line>
						<line number="249" hits="0" branch="false"/>
						<line number="252" hits="2" branch="false"/>
						<line number="254" hits="2" branch="false"/>
						<line number="255" hits="2" branch="false"/>
						<line number="259" hits="2" branch="true" condition-coverage="50% (1/2)">
							<conditions>
								<condition number="0" type="jump" coverage="50%"/>
							</conditions>
						</line>
						<line number="260" hits="0" branch="false"/>
						<line number="263" hits="2" branch="false"/>
						<line number="265" hits="146" branch="true" condition-coverage="100% (2/2)">
							<conditions>
								<condition number="0" type="jump" coverage="100%"/>
							</conditions>
						</line>
						<line number="266" hits="142" branch="false"/>
						<line number="268" hits="142" branch="true" condition-coverage="50% (1/2)">
							<conditions>
								<condition number="0" type="jump" coverage="50%"/>
							</conditions>
						</line>
						<line number="269" hits="0" branch="false"/>
						<line number="272" hits="142" branch="false"/>
						<line number="274" hits="2" branch="false"/>
						<line number="278" hits="142" branch="true" condition-coverage="50% (1/2)">
							<conditions>
								<condition number="0" type="jump" coverage="50%"/>
							</conditions>
						</line>
						<line number="279" hits="0" branch="false"/>
						<line number="282" hits="142" branch="false"/>
						<line number="284" hits="142" branch="true" condition-coverage="50% (1/2)">
							<conditions>
								<condition number="0" type="jump" coverage="50%"/>
							</conditions>
						</line>
						<line number="285" hits="0" branch="false"/>
						<line number="288" hits="142" branch="false"/>
						<line number="289" hits="142" branch="false"/>
						<line number="290" hits="142" branch="false"/>
						<line number="291" hits="142" branch="false"/>
						<line number="292" hits="142" branch="false"/>
						<line number="293" hits="142" branch="false"/>
						<line number="294" hits="142" branch="false"/>
						<line number="296" hits="142" branch="false"/>
						<line number="297" hits="142" branch="false"/>
					</lines>
				</class>
				<class name="com.github.evetools.marshal.reader.MarketOrdersHistory$MarketOrderHistory" filename="com/github/evetools/marshal/reader/MarketOrdersHistory.java" line-rate="0.6842105263157895" branch-rate="1.0" complexity="3.0454545454545454">
					<methods>
						<method name="&lt;init&gt;" signature="()V" line-rate="1.0" branch-rate="1.0">
							<lines>
								<line number="36" hits="142" branch="false"/>
							</lines>
						</method>
						<method name="getAvgPrice" signature="()J" line-rate="0.0" branch-rate="1.0">
							<lines>
								<line number="48" hits="0" branch="false"/>
							</lines>
						</method>
						<method name="getHighPrice" signature="()J" line-rate="0.0" branch-rate="1.0">
							<lines>
								<line number="56" hits="0" branch="false"/>
							</lines>
						</method>
						<method name="getHistoryDate" signature="()J" line-rate="0.0" branch-rate="1.0">
							<lines>
								<line number="88" hits="0" branch="false"/>
							</lines>
						</method>
						<method name="getLowPrice" signature="()J" line-rate="0.0" branch-rate="1.0">
							<lines>
								<line number="64" hits="0" branch="false"/>
							</lines>
						</method>
						<method name="getOrders" signature="()J" line-rate="0.0" branch-rate="1.0">
							<lines>
								<line number="72" hits="0" branch="false"/>
							</lines>
						</method>
						<method name="getVolume" signature="()J" line-rate="0.0" branch-rate="1.0">
							<lines>
								<line number="80" hits="0" branch="false"/>
							</lines>
						</method>
						<method name="setAvgPrice" signature="(J)V" line-rate="1.0" branch-rate="1.0">
							<lines>
								<line number="52" hits="142" branch="false"/>
								<line number="53" hits="142" branch="false"/>
							</lines>
						</method>
						<method name="setHighPrice" signature="(J)V" line-rate="1.0" branch-rate="1.0">
							<lines>
								<line number="60" hits="142" branch="false"/>
								<line number="61" hits="142" branch="false"/>
							</lines>
						</method>
						<method name="setHistoryDate" signature="(J)V" line-rate="1.0" branch-rate="1.0">
							<lines>
								<line number="92" hits="142" branch="false"/>
								<line number="93" hits="142" branch="false"/>
							</lines>
						</method>
						<method name="setLowPrice" signature="(J)V" line-rate="1.0" branch-rate="1.0">
							<lines>
								<line number="68" hits="142" branch="false"/>
								<line number="69" hits="142" branch="false"/>
							</lines>
						</method>
						<method name="setOrders" signature="(J)V" line-rate="1.0" branch-rate="1.0">
							<lines>
								<line number="76" hits="142" branch="false"/>
								<line number="77" hits="142" branch="false"/>
							</lines>
						</method>
						<method name="setVolume" signature="(J)V" line-rate="1.0" branch-rate="1.0">
							<lines>
								<line number="84" hits="142" branch="false"/>
								<line number="85" hits="142" branch="false"/>
							</lines>
						</method>
					</methods>
					<lines>
						<line number="36" hits="142" branch="false"/>
						<line number="48" hits="0" branch="false"/>
						<line number="52" hits="142" branch="false"/>
						<line number="53" hits="142" branch="false"/>
						<line number="56" hits="0" branch="false"/>
						<line number="60" hits="142" branch="false"/>
						<line number="61" hits="142" branch="false"/>
						<line number="64" hits="0" branch="false"/>
						<line number="68" hits="142" branch="false"/>
						<line number="69" hits="142" branch="false"/>
						<line number="72" hits="0" branch="false"/>
						<line number="76" hits="142" branch="false"/>
						<line number="77" hits="142" branch="false"/>
						<line number="80" hits="0" branch="false"/>
						<line number="84" hits="142" branch="false"/>
						<line number="85" hits="142" branch="false"/>
						<line number="88" hits="0" branch="false"/>
						<line number="92" hits="142" branch="false"/>
						<line number="93" hits="142" branch="false"/>
					</lines>
				</class>
				<class name="com.github.evetools.marshal.reader.package-info" filename="com/github/evetools/marshal/reader/package-info.java" line-rate="1.0" branch-rate="1.0" complexity="0.0">
					<methods>
					</methods>
					<lines>
					</lines>
				</class>
			</classes>
		</package>
	</packages>
</coverage>
